  Camera.cpp
  DirectionalLight.cpp
  Light.cpp
C:\Users\Jacob\Desktop\jacobBranch\DolphinEngine_1\DolphinEngine\DolphinEngine\Light.cpp(24,31): warning C4244: 'argument': conversion from 'GLfloat' to 'unsigned int', possible loss of data
C:\Users\Jacob\Desktop\jacobBranch\DolphinEngine_1\DolphinEngine\DolphinEngine\Light.cpp(24,18): warning C4244: 'argument': conversion from 'GLfloat' to 'unsigned int', possible loss of data
  main.cpp
C:\Users\Jacob\Desktop\jacobBranch\DolphinEngine_1\DolphinEngine\DolphinEngine\main.cpp(110,52): warning C4267: 'initializing': conversion from 'size_t' to 'unsigned int', possible loss of data
C:\Users\Jacob\Desktop\jacobBranch\DolphinEngine_1\DolphinEngine\DolphinEngine\main.cpp(342,15): warning C4244: 'initializing': conversion from 'double' to 'GLfloat', possible loss of data
  Material.cpp
  Mesh.cpp
  Model.cpp
C:\Users\Jacob\Desktop\jacobBranch\DolphinEngine_1\DolphinEngine\DolphinEngine\Model.cpp(27,10): warning C4477: 'printf' : format string '%s' requires an argument of type 'char *', but variadic argument 1 has type 'const std::string'
C:\Users\Jacob\Desktop\jacobBranch\DolphinEngine_1\DolphinEngine\DolphinEngine\Model.cpp(114,80): warning C4267: 'argument': conversion from 'size_t' to 'unsigned int', possible loss of data
C:\Users\Jacob\Desktop\jacobBranch\DolphinEngine_1\DolphinEngine\DolphinEngine\Model.cpp(134,49): warning C4267: 'initializing': conversion from 'size_t' to 'int', possible loss of data
C:\Users\Jacob\Desktop\jacobBranch\DolphinEngine_1\DolphinEngine\DolphinEngine\Model.cpp(143,13): warning C4477: 'printf' : format string '%s' requires an argument of type 'char *', but variadic argument 1 has type 'std::string'
C:\Users\Jacob\Desktop\jacobBranch\DolphinEngine_1\DolphinEngine\DolphinEngine\Model.cpp(132,76): warning C4390: ';': empty controlled statement found; is this the intent?
  OmniShadowMap.cpp
C:\Users\Jacob\Desktop\jacobBranch\DolphinEngine_1\DolphinEngine\DolphinEngine\OmniShadowMap.cpp(33,53): warning C4267: 'argument': conversion from 'size_t' to 'GLenum', possible loss of data
  PointLight.cpp
C:\Users\Jacob\Desktop\jacobBranch\DolphinEngine_1\DolphinEngine\DolphinEngine\PointLight.cpp(25,70): warning C4244: 'argument': conversion from 'GLuint' to 'GLfloat', possible loss of data
C:\Users\Jacob\Desktop\jacobBranch\DolphinEngine_1\DolphinEngine\DolphinEngine\PointLight.cpp(25,57): warning C4244: 'argument': conversion from 'GLuint' to 'GLfloat', possible loss of data
  Shader.cpp
C:\Users\Jacob\Desktop\jacobBranch\DolphinEngine_1\DolphinEngine\DolphinEngine\Shader.cpp(205,63): warning C4267: 'argument': conversion from 'size_t' to 'GLenum', possible loss of data
C:\Users\Jacob\Desktop\jacobBranch\DolphinEngine_1\DolphinEngine\DolphinEngine\Shader.cpp(206,74): warning C4267: 'argument': conversion from 'size_t' to 'GLint', possible loss of data
C:\Users\Jacob\Desktop\jacobBranch\DolphinEngine_1\DolphinEngine\DolphinEngine\Shader.cpp(232,63): warning C4267: 'argument': conversion from 'size_t' to 'GLenum', possible loss of data
C:\Users\Jacob\Desktop\jacobBranch\DolphinEngine_1\DolphinEngine\DolphinEngine\Shader.cpp(233,74): warning C4267: 'argument': conversion from 'size_t' to 'GLint', possible loss of data
C:\Users\Jacob\Desktop\jacobBranch\DolphinEngine_1\DolphinEngine\DolphinEngine\Shader.cpp(288,36): warning C4267: '=': conversion from 'size_t' to 'GLint', possible loss of data
C:\Users\Jacob\Desktop\jacobBranch\DolphinEngine_1\DolphinEngine\DolphinEngine\Shader.cpp(338,38): warning C4477: 'snprintf' : format string '%d' requires an argument of type 'int', but variadic argument 1 has type 'size_t'
C:\Users\Jacob\Desktop\jacobBranch\DolphinEngine_1\DolphinEngine\DolphinEngine\Shader.cpp(338,38): message : consider using '%zd' in the format string
C:\Users\Jacob\Desktop\jacobBranch\DolphinEngine_1\DolphinEngine\DolphinEngine\Shader.cpp(341,38): warning C4477: 'snprintf' : format string '%d' requires an argument of type 'int', but variadic argument 1 has type 'size_t'
C:\Users\Jacob\Desktop\jacobBranch\DolphinEngine_1\DolphinEngine\DolphinEngine\Shader.cpp(341,38): message : consider using '%zd' in the format string
C:\Users\Jacob\Desktop\jacobBranch\DolphinEngine_1\DolphinEngine\DolphinEngine\Shader.cpp(344,38): warning C4477: 'snprintf' : format string '%d' requires an argument of type 'int', but variadic argument 1 has type 'size_t'
C:\Users\Jacob\Desktop\jacobBranch\DolphinEngine_1\DolphinEngine\DolphinEngine\Shader.cpp(344,38): message : consider using '%zd' in the format string
C:\Users\Jacob\Desktop\jacobBranch\DolphinEngine_1\DolphinEngine\DolphinEngine\Shader.cpp(347,38): warning C4477: 'snprintf' : format string '%d' requires an argument of type 'int', but variadic argument 1 has type 'size_t'
C:\Users\Jacob\Desktop\jacobBranch\DolphinEngine_1\DolphinEngine\DolphinEngine\Shader.cpp(347,38): message : consider using '%zd' in the format string
C:\Users\Jacob\Desktop\jacobBranch\DolphinEngine_1\DolphinEngine\DolphinEngine\Shader.cpp(350,38): warning C4477: 'snprintf' : format string '%d' requires an argument of type 'int', but variadic argument 1 has type 'size_t'
C:\Users\Jacob\Desktop\jacobBranch\DolphinEngine_1\DolphinEngine\DolphinEngine\Shader.cpp(350,38): message : consider using '%zd' in the format string
C:\Users\Jacob\Desktop\jacobBranch\DolphinEngine_1\DolphinEngine\DolphinEngine\Shader.cpp(353,38): warning C4477: 'snprintf' : format string '%d' requires an argument of type 'int', but variadic argument 1 has type 'size_t'
C:\Users\Jacob\Desktop\jacobBranch\DolphinEngine_1\DolphinEngine\DolphinEngine\Shader.cpp(353,38): message : consider using '%zd' in the format string
C:\Users\Jacob\Desktop\jacobBranch\DolphinEngine_1\DolphinEngine\DolphinEngine\Shader.cpp(356,38): warning C4477: 'snprintf' : format string '%d' requires an argument of type 'int', but variadic argument 1 has type 'size_t'
C:\Users\Jacob\Desktop\jacobBranch\DolphinEngine_1\DolphinEngine\DolphinEngine\Shader.cpp(356,38): message : consider using '%zd' in the format string
C:\Users\Jacob\Desktop\jacobBranch\DolphinEngine_1\DolphinEngine\DolphinEngine\Shader.cpp(366,38): warning C4477: 'snprintf' : format string '%d' requires an argument of type 'int', but variadic argument 1 has type 'size_t'
C:\Users\Jacob\Desktop\jacobBranch\DolphinEngine_1\DolphinEngine\DolphinEngine\Shader.cpp(366,38): message : consider using '%zd' in the format string
C:\Users\Jacob\Desktop\jacobBranch\DolphinEngine_1\DolphinEngine\DolphinEngine\Shader.cpp(369,38): warning C4477: 'snprintf' : format string '%d' requires an argument of type 'int', but variadic argument 1 has type 'size_t'
C:\Users\Jacob\Desktop\jacobBranch\DolphinEngine_1\DolphinEngine\DolphinEngine\Shader.cpp(369,38): message : consider using '%zd' in the format string
C:\Users\Jacob\Desktop\jacobBranch\DolphinEngine_1\DolphinEngine\DolphinEngine\Shader.cpp(372,38): warning C4477: 'snprintf' : format string '%d' requires an argument of type 'int', but variadic argument 1 has type 'size_t'
C:\Users\Jacob\Desktop\jacobBranch\DolphinEngine_1\DolphinEngine\DolphinEngine\Shader.cpp(372,38): message : consider using '%zd' in the format string
C:\Users\Jacob\Desktop\jacobBranch\DolphinEngine_1\DolphinEngine\DolphinEngine\Shader.cpp(375,38): warning C4477: 'snprintf' : format string '%d' requires an argument of type 'int', but variadic argument 1 has type 'size_t'
C:\Users\Jacob\Desktop\jacobBranch\DolphinEngine_1\DolphinEngine\DolphinEngine\Shader.cpp(375,38): message : consider using '%zd' in the format string
C:\Users\Jacob\Desktop\jacobBranch\DolphinEngine_1\DolphinEngine\DolphinEngine\Shader.cpp(378,38): warning C4477: 'snprintf' : format string '%d' requires an argument of type 'int', but variadic argument 1 has type 'size_t'
C:\Users\Jacob\Desktop\jacobBranch\DolphinEngine_1\DolphinEngine\DolphinEngine\Shader.cpp(378,38): message : consider using '%zd' in the format string
C:\Users\Jacob\Desktop\jacobBranch\DolphinEngine_1\DolphinEngine\DolphinEngine\Shader.cpp(381,38): warning C4477: 'snprintf' : format string '%d' requires an argument of type 'int', but variadic argument 1 has type 'size_t'
C:\Users\Jacob\Desktop\jacobBranch\DolphinEngine_1\DolphinEngine\DolphinEngine\Shader.cpp(381,38): message : consider using '%zd' in the format string
C:\Users\Jacob\Desktop\jacobBranch\DolphinEngine_1\DolphinEngine\DolphinEngine\Shader.cpp(384,38): warning C4477: 'snprintf' : format string '%d' requires an argument of type 'int', but variadic argument 1 has type 'size_t'
C:\Users\Jacob\Desktop\jacobBranch\DolphinEngine_1\DolphinEngine\DolphinEngine\Shader.cpp(384,38): message : consider using '%zd' in the format string
C:\Users\Jacob\Desktop\jacobBranch\DolphinEngine_1\DolphinEngine\DolphinEngine\Shader.cpp(387,38): warning C4477: 'snprintf' : format string '%d' requires an argument of type 'int', but variadic argument 1 has type 'size_t'
C:\Users\Jacob\Desktop\jacobBranch\DolphinEngine_1\DolphinEngine\DolphinEngine\Shader.cpp(387,38): message : consider using '%zd' in the format string
C:\Users\Jacob\Desktop\jacobBranch\DolphinEngine_1\DolphinEngine\DolphinEngine\Shader.cpp(390,38): warning C4477: 'snprintf' : format string '%d' requires an argument of type 'int', but variadic argument 1 has type 'size_t'
C:\Users\Jacob\Desktop\jacobBranch\DolphinEngine_1\DolphinEngine\DolphinEngine\Shader.cpp(390,38): message : consider using '%zd' in the format string
C:\Users\Jacob\Desktop\jacobBranch\DolphinEngine_1\DolphinEngine\DolphinEngine\Shader.cpp(405,38): warning C4477: 'snprintf' : format string '%d' requires an argument of type 'int', but variadic argument 1 has type 'size_t'
C:\Users\Jacob\Desktop\jacobBranch\DolphinEngine_1\DolphinEngine\DolphinEngine\Shader.cpp(405,38): message : consider using '%zd' in the format string
C:\Users\Jacob\Desktop\jacobBranch\DolphinEngine_1\DolphinEngine\DolphinEngine\Shader.cpp(413,38): warning C4477: 'snprintf' : format string '%d' requires an argument of type 'int', but variadic argument 1 has type 'size_t'
C:\Users\Jacob\Desktop\jacobBranch\DolphinEngine_1\DolphinEngine\DolphinEngine\Shader.cpp(413,38): message : consider using '%zd' in the format string
C:\Users\Jacob\Desktop\jacobBranch\DolphinEngine_1\DolphinEngine\DolphinEngine\Shader.cpp(416,38): warning C4477: 'snprintf' : format string '%d' requires an argument of type 'int', but variadic argument 1 has type 'size_t'
C:\Users\Jacob\Desktop\jacobBranch\DolphinEngine_1\DolphinEngine\DolphinEngine\Shader.cpp(416,38): message : consider using '%zd' in the format string
  ShadowMap.cpp
  Skybox.cpp
C:\Users\Jacob\Desktop\jacobBranch\DolphinEngine_1\DolphinEngine\DolphinEngine\Skybox.cpp(40,114): warning C4267: 'argument': conversion from 'size_t' to 'GLenum', possible loss of data
  SpotLight.cpp
  Texture.cpp
  Window.cpp
C:\Users\Jacob\Desktop\jacobBranch\DolphinEngine_1\DolphinEngine\DolphinEngine\Window.cpp(152,22): warning C4244: '=': conversion from 'double' to 'GLfloat', possible loss of data
C:\Users\Jacob\Desktop\jacobBranch\DolphinEngine_1\DolphinEngine\DolphinEngine\Window.cpp(153,22): warning C4244: '=': conversion from 'double' to 'GLfloat', possible loss of data
C:\Users\Jacob\Desktop\jacobBranch\DolphinEngine_1\DolphinEngine\DolphinEngine\Window.cpp(157,28): warning C4244: '=': conversion from 'double' to 'GLfloat', possible loss of data
C:\Users\Jacob\Desktop\jacobBranch\DolphinEngine_1\DolphinEngine\DolphinEngine\Window.cpp(158,40): warning C4244: '=': conversion from 'double' to 'GLfloat', possible loss of data
C:\Users\Jacob\Desktop\jacobBranch\DolphinEngine_1\DolphinEngine\DolphinEngine\Window.cpp(160,21): warning C4244: '=': conversion from 'double' to 'GLfloat', possible loss of data
C:\Users\Jacob\Desktop\jacobBranch\DolphinEngine_1\DolphinEngine\DolphinEngine\Window.cpp(161,21): warning C4244: '=': conversion from 'double' to 'GLfloat', possible loss of data
  Generating Code...
C:\Users\Jacob\Desktop\jacobBranch\DolphinEngine_1\DolphinEngine\DolphinEngine\Window.cpp(100): warning C4715: 'Window::Initialise': not all control paths return a value
Shader.obj : error LNK2001: unresolved external symbol __imp___glewUniform1f
SpotLight.obj : error LNK2001: unresolved external symbol __imp___glewUniform1f
DirectionalLight.obj : error LNK2001: unresolved external symbol __imp___glewUniform1f
main.obj : error LNK2001: unresolved external symbol __imp___glewUniform1f
Material.obj : error LNK2001: unresolved external symbol __imp___glewUniform1f
PointLight.obj : error LNK2001: unresolved external symbol __imp___glewUniform1f
DirectionalLight.obj : error LNK2019: unresolved external symbol __imp___glewUniform3f referenced in function "public: void __cdecl DirectionalLight::UseLight(unsigned int,unsigned int,unsigned int,unsigned int)" (?UseLight@DirectionalLight@@QEAAXIIII@Z)
main.obj : error LNK2001: unresolved external symbol __imp___glewUniform3f
PointLight.obj : error LNK2001: unresolved external symbol __imp___glewUniform3f
SpotLight.obj : error LNK2001: unresolved external symbol __imp___glewUniform3f
main.obj : error LNK2019: unresolved external symbol glfwWindowShouldClose referenced in function "public: bool __cdecl Window::getShouldClose(void)" (?getShouldClose@Window@@QEAA_NXZ)
main.obj : error LNK2019: unresolved external symbol glfwPollEvents referenced in function main
main.obj : error LNK2019: unresolved external symbol glfwGetTime referenced in function main
main.obj : error LNK2019: unresolved external symbol glfwSwapBuffers referenced in function "public: void __cdecl Window::swapBuffers(void)" (?swapBuffers@Window@@QEAAXXZ)
main.obj : error LNK2019: unresolved external symbol __imp___glewUniformMatrix4fv referenced in function "void __cdecl RenderPass(struct glm::mat<4,4,float,0>,struct glm::mat<4,4,float,0>)" (?RenderPass@@YAXU?$mat@$03$03M$0A@@glm@@0@Z)
Shader.obj : error LNK2001: unresolved external symbol __imp___glewUniformMatrix4fv
Skybox.obj : error LNK2001: unresolved external symbol __imp___glewUniformMatrix4fv
main.obj : error LNK2019: unresolved external symbol __imp___glewUseProgram referenced in function main
Shader.obj : error LNK2001: unresolved external symbol __imp___glewUseProgram
main.obj : error LNK2019: unresolved external symbol __imp___glewBindFramebuffer referenced in function "void __cdecl DirectionalShadowMapPass(class DirectionalLight *)" (?DirectionalShadowMapPass@@YAXPEAVDirectionalLight@@@Z)
OmniShadowMap.obj : error LNK2001: unresolved external symbol __imp___glewBindFramebuffer
ShadowMap.obj : error LNK2001: unresolved external symbol __imp___glewBindFramebuffer
Mesh.obj : error LNK2019: unresolved external symbol __imp___glewBindBuffer referenced in function "public: void __cdecl Mesh::CreateMesh(float *,unsigned int *,unsigned int,unsigned int)" (?CreateMesh@Mesh@@QEAAXPEAMPEAIII@Z)
Mesh.obj : error LNK2019: unresolved external symbol __imp___glewBufferData referenced in function "public: void __cdecl Mesh::CreateMesh(float *,unsigned int *,unsigned int,unsigned int)" (?CreateMesh@Mesh@@QEAAXPEAMPEAIII@Z)
Mesh.obj : error LNK2019: unresolved external symbol __imp___glewDeleteBuffers referenced in function "public: void __cdecl Mesh::ClearMesh(void)" (?ClearMesh@Mesh@@QEAAXXZ)
Mesh.obj : error LNK2019: unresolved external symbol __imp___glewGenBuffers referenced in function "public: void __cdecl Mesh::CreateMesh(float *,unsigned int *,unsigned int,unsigned int)" (?CreateMesh@Mesh@@QEAAXPEAMPEAIII@Z)
Mesh.obj : error LNK2019: unresolved external symbol __imp___glewEnableVertexAttribArray referenced in function "public: void __cdecl Mesh::CreateMesh(float *,unsigned int *,unsigned int,unsigned int)" (?CreateMesh@Mesh@@QEAAXPEAMPEAIII@Z)
Mesh.obj : error LNK2019: unresolved external symbol __imp___glewVertexAttribPointer referenced in function "public: void __cdecl Mesh::CreateMesh(float *,unsigned int *,unsigned int,unsigned int)" (?CreateMesh@Mesh@@QEAAXPEAMPEAIII@Z)
Mesh.obj : error LNK2019: unresolved external symbol __imp___glewBindVertexArray referenced in function "public: void __cdecl Mesh::CreateMesh(float *,unsigned int *,unsigned int,unsigned int)" (?CreateMesh@Mesh@@QEAAXPEAMPEAIII@Z)
Mesh.obj : error LNK2019: unresolved external symbol __imp___glewDeleteVertexArrays referenced in function "public: void __cdecl Mesh::ClearMesh(void)" (?ClearMesh@Mesh@@QEAAXXZ)
Mesh.obj : error LNK2019: unresolved external symbol __imp___glewGenVertexArrays referenced in function "public: void __cdecl Mesh::CreateMesh(float *,unsigned int *,unsigned int,unsigned int)" (?CreateMesh@Mesh@@QEAAXPEAMPEAIII@Z)
Model.obj : error LNK2019: unresolved external symbol "public: __cdecl Assimp::Importer::Importer(void)" (??0Importer@Assimp@@QEAA@XZ) referenced in function "public: void __cdecl Model::LoadModel(class std::basic_string<char,struct std::char_traits<char>,class std::allocator<char> > const &)" (?LoadModel@Model@@QEAAXAEBV?$basic_string@DU?$char_traits@D@std@@V?$allocator@D@2@@std@@@Z)
Model.obj : error LNK2019: unresolved external symbol "public: __cdecl Assimp::Importer::~Importer(void)" (??1Importer@Assimp@@QEAA@XZ) referenced in function "public: void __cdecl Model::LoadModel(class std::basic_string<char,struct std::char_traits<char>,class std::allocator<char> > const &)" (?LoadModel@Model@@QEAAXAEBV?$basic_string@DU?$char_traits@D@std@@V?$allocator@D@2@@std@@@Z)
Model.obj : error LNK2019: unresolved external symbol "public: struct aiScene const * __cdecl Assimp::Importer::ReadFile(char const *,unsigned int)" (?ReadFile@Importer@Assimp@@QEAAPEBUaiScene@@PEBDI@Z) referenced in function "public: struct aiScene const * __cdecl Assimp::Importer::ReadFile(class std::basic_string<char,struct std::char_traits<char>,class std::allocator<char> > const &,unsigned int)" (?ReadFile@Importer@Assimp@@QEAAPEBUaiScene@@AEBV?$basic_string@DU?$char_traits@D@std@@V?$allocator@D@2@@std@@I@Z)
Model.obj : error LNK2019: unresolved external symbol "public: char const * __cdecl Assimp::Importer::GetErrorString(void)const " (?GetErrorString@Importer@Assimp@@QEBAPEBDXZ) referenced in function "public: void __cdecl Model::LoadModel(class std::basic_string<char,struct std::char_traits<char>,class std::allocator<char> > const &)" (?LoadModel@Model@@QEAAXAEBV?$basic_string@DU?$char_traits@D@std@@V?$allocator@D@2@@std@@@Z)
Model.obj : error LNK2019: unresolved external symbol aiGetMaterialTextureCount referenced in function "public: unsigned int __cdecl aiMaterial::GetTextureCount(enum aiTextureType)const " (?GetTextureCount@aiMaterial@@QEBAIW4aiTextureType@@@Z)
Model.obj : error LNK2019: unresolved external symbol aiGetMaterialTexture referenced in function "public: enum aiReturn __cdecl aiMaterial::GetTexture(enum aiTextureType,unsigned int,struct aiString *,enum aiTextureMapping *,unsigned int *,float *,enum aiTextureOp *,enum aiTextureMapMode *)const " (?GetTexture@aiMaterial@@QEBA?AW4aiReturn@@W4aiTextureType@@IPEAUaiString@@PEAW4aiTextureMapping@@PEAIPEAMPEAW4aiTextureOp@@PEAW4aiTextureMapMode@@@Z)
OmniShadowMap.obj : error LNK2019: unresolved external symbol __imp___glewActiveTexture referenced in function "public: virtual void __cdecl OmniShadowMap::Read(unsigned int)" (?Read@OmniShadowMap@@UEAAXI@Z)
ShadowMap.obj : error LNK2001: unresolved external symbol __imp___glewActiveTexture
Skybox.obj : error LNK2001: unresolved external symbol __imp___glewActiveTexture
Texture.obj : error LNK2001: unresolved external symbol __imp___glewActiveTexture
OmniShadowMap.obj : error LNK2019: unresolved external symbol __imp___glewFramebufferTexture referenced in function "public: virtual bool __cdecl OmniShadowMap::Init(unsigned int,unsigned int)" (?Init@OmniShadowMap@@UEAA_NII@Z)
OmniShadowMap.obj : error LNK2019: unresolved external symbol __imp___glewCheckFramebufferStatus referenced in function "public: virtual bool __cdecl OmniShadowMap::Init(unsigned int,unsigned int)" (?Init@OmniShadowMap@@UEAA_NII@Z)
ShadowMap.obj : error LNK2001: unresolved external symbol __imp___glewCheckFramebufferStatus
OmniShadowMap.obj : error LNK2019: unresolved external symbol __imp___glewGenFramebuffers referenced in function "public: virtual bool __cdecl OmniShadowMap::Init(unsigned int,unsigned int)" (?Init@OmniShadowMap@@UEAA_NII@Z)
ShadowMap.obj : error LNK2001: unresolved external symbol __imp___glewGenFramebuffers
Shader.obj : error LNK2019: unresolved external symbol __imp___glewAttachShader referenced in function "private: void __cdecl Shader::AddShader(unsigned int,char const *,unsigned int)" (?AddShader@Shader@@AEAAXIPEBDI@Z)
Shader.obj : error LNK2019: unresolved external symbol __imp___glewCompileShader referenced in function "private: void __cdecl Shader::AddShader(unsigned int,char const *,unsigned int)" (?AddShader@Shader@@AEAAXIPEBDI@Z)
Shader.obj : error LNK2019: unresolved external symbol __imp___glewCreateProgram referenced in function "private: void __cdecl Shader::CompileShader(char const *,char const *,char const *)" (?CompileShader@Shader@@AEAAXPEBD00@Z)
Shader.obj : error LNK2019: unresolved external symbol __imp___glewCreateShader referenced in function "private: void __cdecl Shader::AddShader(unsigned int,char const *,unsigned int)" (?AddShader@Shader@@AEAAXIPEBDI@Z)
Shader.obj : error LNK2019: unresolved external symbol __imp___glewDeleteProgram referenced in function "public: void __cdecl Shader::ClearShader(void)" (?ClearShader@Shader@@QEAAXXZ)
Shader.obj : error LNK2019: unresolved external symbol __imp___glewGetProgramInfoLog referenced in function "private: void __cdecl Shader::CompileProgram(void)" (?CompileProgram@Shader@@AEAAXXZ)
Shader.obj : error LNK2019: unresolved external symbol __imp___glewGetProgramiv referenced in function "private: void __cdecl Shader::CompileProgram(void)" (?CompileProgram@Shader@@AEAAXXZ)
Shader.obj : error LNK2019: unresolved external symbol __imp___glewGetShaderInfoLog referenced in function "private: void __cdecl Shader::AddShader(unsigned int,char const *,unsigned int)" (?AddShader@Shader@@AEAAXIPEBDI@Z)
Shader.obj : error LNK2019: unresolved external symbol __imp___glewGetShaderiv referenced in function "private: void __cdecl Shader::AddShader(unsigned int,char const *,unsigned int)" (?AddShader@Shader@@AEAAXIPEBDI@Z)
Shader.obj : error LNK2019: unresolved external symbol __imp___glewGetUniformLocation referenced in function "private: void __cdecl Shader::CompileProgram(void)" (?CompileProgram@Shader@@AEAAXXZ)
Shader.obj : error LNK2019: unresolved external symbol __imp___glewLinkProgram referenced in function "private: void __cdecl Shader::CompileProgram(void)" (?CompileProgram@Shader@@AEAAXXZ)
Shader.obj : error LNK2019: unresolved external symbol __imp___glewShaderSource referenced in function "private: void __cdecl Shader::AddShader(unsigned int,char const *,unsigned int)" (?AddShader@Shader@@AEAAXIPEBDI@Z)
Shader.obj : error LNK2019: unresolved external symbol __imp___glewUniform1i referenced in function "public: void __cdecl Shader::SetDirectionalShadowMap(unsigned int)" (?SetDirectionalShadowMap@Shader@@QEAAXI@Z)
Shader.obj : error LNK2019: unresolved external symbol __imp___glewValidateProgram referenced in function "public: void __cdecl Shader::Validate(void)" (?Validate@Shader@@QEAAXXZ)
ShadowMap.obj : error LNK2019: unresolved external symbol __imp___glewDeleteFramebuffers referenced in function "public: __cdecl ShadowMap::~ShadowMap(void)" (??1ShadowMap@@QEAA@XZ)
ShadowMap.obj : error LNK2019: unresolved external symbol __imp___glewFramebufferTexture2D referenced in function "public: virtual bool __cdecl ShadowMap::Init(unsigned int,unsigned int)" (?Init@ShadowMap@@UEAA_NII@Z)
Texture.obj : error LNK2019: unresolved external symbol __imp___glewGenerateMipmap referenced in function "public: bool __cdecl Texture::LoadTexture(void)" (?LoadTexture@Texture@@QEAA_NXZ)
Window.obj : error LNK2019: unresolved external symbol __imp_glewInit referenced in function "public: int __cdecl Window::Initialise(void)" (?Initialise@Window@@QEAAHXZ)
Window.obj : error LNK2019: unresolved external symbol __imp_glewGetErrorString referenced in function "public: int __cdecl Window::Initialise(void)" (?Initialise@Window@@QEAAHXZ)
Window.obj : error LNK2019: unresolved external symbol glfwInit referenced in function "public: int __cdecl Window::Initialise(void)" (?Initialise@Window@@QEAAHXZ)
Window.obj : error LNK2019: unresolved external symbol glfwTerminate referenced in function "public: __cdecl Window::~Window(void)" (??1Window@@QEAA@XZ)
Window.obj : error LNK2019: unresolved external symbol glfwWindowHint referenced in function "public: int __cdecl Window::Initialise(void)" (?Initialise@Window@@QEAAHXZ)
Window.obj : error LNK2019: unresolved external symbol glfwCreateWindow referenced in function "public: int __cdecl Window::Initialise(void)" (?Initialise@Window@@QEAAHXZ)
Window.obj : error LNK2019: unresolved external symbol glfwDestroyWindow referenced in function "public: __cdecl Window::~Window(void)" (??1Window@@QEAA@XZ)
Window.obj : error LNK2019: unresolved external symbol glfwSetWindowShouldClose referenced in function "private: static void __cdecl Window::handleKeys(struct GLFWwindow *,int,int,int,int)" (?handleKeys@Window@@CAXPEAUGLFWwindow@@HHHH@Z)
Window.obj : error LNK2019: unresolved external symbol glfwGetFramebufferSize referenced in function "public: int __cdecl Window::Initialise(void)" (?Initialise@Window@@QEAAHXZ)
Window.obj : error LNK2019: unresolved external symbol glfwSetWindowUserPointer referenced in function "public: int __cdecl Window::Initialise(void)" (?Initialise@Window@@QEAAHXZ)
Window.obj : error LNK2019: unresolved external symbol glfwGetWindowUserPointer referenced in function "private: static void __cdecl Window::handleKeys(struct GLFWwindow *,int,int,int,int)" (?handleKeys@Window@@CAXPEAUGLFWwindow@@HHHH@Z)
Window.obj : error LNK2019: unresolved external symbol glfwSetInputMode referenced in function "public: int __cdecl Window::Initialise(void)" (?Initialise@Window@@QEAAHXZ)
Window.obj : error LNK2019: unresolved external symbol glfwSetKeyCallback referenced in function "private: void __cdecl Window::createCallbacks(void)" (?createCallbacks@Window@@AEAAXXZ)
Window.obj : error LNK2019: unresolved external symbol glfwSetCursorPosCallback referenced in function "private: void __cdecl Window::createCallbacks(void)" (?createCallbacks@Window@@AEAAXXZ)
Window.obj : error LNK2019: unresolved external symbol glfwMakeContextCurrent referenced in function "public: int __cdecl Window::Initialise(void)" (?Initialise@Window@@QEAAHXZ)
Window.obj : error LNK2019: unresolved external symbol __imp_glewExperimental referenced in function "public: int __cdecl Window::Initialise(void)" (?Initialise@Window@@QEAAHXZ)
C:\Users\Jacob\Desktop\jacobBranch\DolphinEngine_1\DolphinEngine\\..\External Libs\GLEW\lib\Release\Win32\glew32.lib : warning LNK4272: library machine type 'x86' conflicts with target machine type 'x64'
C:\Users\Jacob\Desktop\jacobBranch\DolphinEngine_1\DolphinEngine\\..\External Libs\GLFW\lib-vc2015\glfw3.lib : warning LNK4272: library machine type 'x86' conflicts with target machine type 'x64'
C:\Users\Jacob\Desktop\jacobBranch\DolphinEngine_1\DolphinEngine\\..\External Libs\ASSIMP\lib\assimp-vc140-mt.lib : warning LNK4272: library machine type 'x86' conflicts with target machine type 'x64'
C:\Users\Jacob\Desktop\jacobBranch\DolphinEngine_1\DolphinEngine\x64\Debug\DolphinEngine.exe : fatal error LNK1120: 61 unresolved externals
